2026-07-01 19:20:27 - Add autoprefixer
2026-07-01 15:10:01 - Add index.js.map
2026-07-01 08:24:10 - Add trace-mapping.d.mts
2026-07-01 19:22:53 - Add arrayWithHoles.js
2026-07-01 11:36:54 - Add clone.js
2026-07-01 17:43:25 - Add chunk-CANBAPAS.js.map
2026-07-01 12:07:44 - Add sourcemap-codec.d.mts
2026-07-01 13:10:46 - Add package.json
2026-07-01 08:00:33 - Add traverse-node.js
2026-07-01 15:59:00 - Add webauthn.dom.d.ts
2026-07-01 10:47:29 - Add index.js.map
2026-07-01 10:56:50 - Add locks.d.ts
2026-07-01 13:11:27 - Add GoTrueClient.js.map
2026-07-01 10:29:00 - Add gen-mapping.umd.js.map
2026-07-01 14:31:43 - Add register-shim.js
2026-07-01 16:28:20 - Add settings.js
2026-07-01 17:11:43 - Add README.md
2026-07-01 11:15:31 - Add version.js
2026-07-01 13:11:59 - Add AuthAdminApi.js.map
2026-07-01 19:22:20 - Add index.d.cts.map
2026-07-01 09:57:26 - Add pinkie.d.ts
2026-07-01 11:02:34 - Add applyDecs2203R.js
2026-07-01 12:56:14 - Add webauthn.dom.ts
2026-07-01 11:00:33 - Add websocket-factory.ts
2026-07-01 11:35:52 - Add index.js.map
2026-07-01 09:45:44 - Add locks.d.ts
2026-07-01 20:10:14 - Add index.d.ts
2026-07-01 09:04:00 - Add @supabase_supabase-js.js
2026-07-01 09:26:51 - Add webauthn.errors.js
2026-07-01 15:58:25 - Add ancestry.js
2026-07-01 19:53:54 - Add inherit.js.map
2026-07-01 17:40:59 - Add package.json
2026-07-01 15:07:49 - Add presenceAdapter.d.ts
2026-07-01 13:29:40 - Add json5.ps1
2026-07-01 09:20:12 - Add image-set.js
2026-07-01 10:37:37 - Add parentheses.js
2026-07-01 14:48:39 - Add headers.ts
2026-07-01 19:37:49 - Add parentheses.js.map
2026-07-01 08:23:54 - Add background-clip-text.js
2026-07-01 12:04:31 - Add LICENSE
2026-07-01 08:46:34 - Add tailwind.cmd
2026-07-01 09:38:44 - Add formatters.js.map
2026-07-01 15:19:31 - Add index.html
2026-07-01 16:21:49 - Add inferer-reference.js.map
2026-07-01 15:51:53 - Add solana.d.ts.map
2026-07-01 15:09:59 - Add package.json
2026-07-01 11:27:01 - Add cssesc.cmd
2026-07-01 11:05:56 - Add esbuild
2026-07-01 17:06:09 - Add methods.js.map
2026-07-01 14:15:25 - Add version.js
2026-07-01 17:27:55 - Add classPrivateFieldInitSpec.js.map
2026-07-01 11:31:09 - Add Account-DfeZNOAF.js
2026-07-01 09:20:31 - Add SupabaseClient.ts
2026-07-01 17:54:23 - Add serializer.js.map
2026-07-01 15:33:26 - Add LICENSE
2026-07-01 16:15:33 - Add StreamDownloadBuilder.ts
